# JRE version: OpenJDK Runtime Environment (17.0.9) (build 17.0.9+0--11185874)
# Java VM: OpenJDK 64-Bit Server VM (17.0.9+0--11185874, mixed mode, tiered, compressed oops, compressed class ptrs, g1 gc, windows-amd64)
GC Precious Log:
 CPUs: 8 total, 8 available
 Memory: 7792M
 Large Page Support: Disabled
 NUMA Support: Disabled
 Compressed Oops: Enabled (32-bit)
 Heap Region Size: 1M
 Heap Min Capacity: 8M
 Heap Initial Capacity: 122M
 Heap Max Capacity: 1950M
 Pre-touch: Disabled
 Parallel Workers: 8
 Concurrent Workers: 2
 Concurrent Refinement Workers: 8
 Periodic GC: Disabled
Heap:
 garbage-first heap   total 75776K, used 48643K [0x0000000086200000, 0x0000000100000000)
  region size 1024K, 18 young (18432K), 4 survivors (4096K)
 Metaspace       used 47072K, committed 47360K, reserved 1114112K
  class space    used 5741K, committed 5888K, reserved 1048576K
GC Heap History (20 events):
Event: 0.442 GC heap before
{Heap before GC invocations=0 (full 0):
 garbage-first heap   total 124928K, used 27648K [0x0000000086200000, 0x0000000100000000)
  region size 1024K, 23 young (23552K), 0 survivors (0K)
 Metaspace       used 13340K, committed 13504K, reserved 1114112K
  class space    used 1284K, committed 1344K, reserved 1048576K
}
Event: 0.446 GC heap after
{Heap after GC invocations=1 (full 0):
 garbage-first heap   total 124928K, used 6899K [0x0000000086200000, 0x0000000100000000)
  region size 1024K, 3 young (3072K), 3 survivors (3072K)
 Metaspace       used 13340K, committed 13504K, reserved 1114112K
  class space    used 1284K, committed 1344K, reserved 1048576K
}
Event: 0.908 GC heap before
{Heap before GC invocations=1 (full 0):
 garbage-first heap   total 124928K, used 39667K [0x0000000086200000, 0x0000000100000000)
  region size 1024K, 36 young (36864K), 3 survivors (3072K)
 Metaspace       used 21411K, committed 21504K, reserved 1114112K
  class space    used 2393K, committed 2432K, reserved 1048576K
}
Event: 0.916 GC heap after
{Heap after GC invocations=2 (full 0):
 garbage-first heap   total 124928K, used 10556K [0x0000000086200000, 0x0000000100000000)
  region size 1024K, 4 young (4096K), 4 survivors (4096K)
 Metaspace       used 21411K, committed 21504K, reserved 1114112K
  class space    used 2393K, committed 2432K, reserved 1048576K
}
Event: 1.193 GC heap before
{Heap before GC invocations=3 (full 0):
 garbage-first heap   total 40960K, used 31036K [0x0000000086200000, 0x0000000100000000)
  region size 1024K, 25 young (25600K), 4 survivors (4096K)
 Metaspace       used 27998K, committed 28224K, reserved 1114112K
  class space    used 3285K, committed 3392K, reserved 1048576K
}
Event: 1.199 GC heap after
{Heap after GC invocations=4 (full 0):
 garbage-first heap   total 40960K, used 11427K [0x0000000086200000, 0x0000000100000000)
  region size 1024K, 5 young (5120K), 5 survivors (5120K)
 Metaspace       used 27998K, committed 28224K, reserved 1114112K
  class space    used 3285K, committed 3392K, reserved 1048576K
}
Event: 1.225 GC heap before
{Heap before GC invocations=4 (full 0):
 garbage-first heap   total 40960K, used 12451K [0x0000000086200000, 0x0000000100000000)
  region size 1024K, 6 young (6144K), 5 survivors (5120K)
 Metaspace       used 28555K, committed 28800K, reserved 1114112K
  class space    used 3443K, committed 3584K, reserved 1048576K
}
Event: 1.231 GC heap after
{Heap after GC invocations=5 (full 0):
 garbage-first heap   total 40960K, used 11926K [0x0000000086200000, 0x0000000100000000)
  region size 1024K, 1 young (1024K), 1 survivors (1024K)
 Metaspace       used 28555K, committed 28800K, reserved 1114112K
  class space    used 3443K, committed 3584K, reserved 1048576K
}
Event: 1.380 GC heap before
{Heap before GC invocations=5 (full 0):
 garbage-first heap   total 40960K, used 33430K [0x0000000086200000, 0x0000000100000000)
  region size 1024K, 20 young (20480K), 1 survivors (1024K)
 Metaspace       used 30118K, committed 30400K, reserved 1114112K
  class space    used 3758K, committed 3904K, reserved 1048576K
}
Event: 1.386 GC heap after
{Heap after GC invocations=6 (full 0):
 garbage-first heap   total 40960K, used 16384K [0x0000000086200000, 0x0000000100000000)
  region size 1024K, 3 young (3072K), 3 survivors (3072K)
 Metaspace       used 30118K, committed 30400K, reserved 1114112K
  class space    used 3758K, committed 3904K, reserved 1048576K
}
Event: 1.466 GC heap before
{Heap before GC invocations=6 (full 0):
 garbage-first heap   total 40960K, used 30720K [0x0000000086200000, 0x0000000100000000)
  region size 1024K, 16 young (16384K), 3 survivors (3072K)
 Metaspace       used 30293K, committed 30592K, reserved 1114112K
  class space    used 3758K, committed 3904K, reserved 1048576K
}
Event: 1.472 GC heap after
{Heap after GC invocations=7 (full 0):
 garbage-first heap   total 40960K, used 21970K [0x0000000086200000, 0x0000000100000000)
  region size 1024K, 2 young (2048K), 2 survivors (2048K)
 Metaspace       used 30293K, committed 30592K, reserved 1114112K
  class space    used 3758K, committed 3904K, reserved 1048576K
}
Event: 1.541 GC heap before
{Heap before GC invocations=7 (full 0):
 garbage-first heap   total 40960K, used 30162K [0x0000000086200000, 0x0000000100000000)
  region size 1024K, 10 young (10240K), 2 survivors (2048K)
 Metaspace       used 30738K, committed 30912K, reserved 1114112K
  class space    used 3808K, committed 3904K, reserved 1048576K
}
Event: 1.547 GC heap after
{Heap after GC invocations=8 (full 0):
 garbage-first heap   total 75776K, used 24576K [0x0000000086200000, 0x0000000100000000)
  region size 1024K, 2 young (2048K), 2 survivors (2048K)
 Metaspace       used 30738K, committed 30912K, reserved 1114112K
  class space    used 3808K, committed 3904K, reserved 1048576K
}
Event: 1.833 GC heap before
{Heap before GC invocations=9 (full 0):
 garbage-first heap   total 75776K, used 53248K [0x0000000086200000, 0x0000000100000000)
  region size 1024K, 28 young (28672K), 2 survivors (2048K)
 Metaspace       used 35301K, committed 35520K, reserved 1114112K
  class space    used 4527K, committed 4608K, reserved 1048576K
}
Event: 1.840 GC heap after
{Heap after GC invocations=10 (full 0):
 garbage-first heap   total 75776K, used 26364K [0x0000000086200000, 0x0000000100000000)
  region size 1024K, 4 young (4096K), 4 survivors (4096K)
 Metaspace       used 35301K, committed 35520K, reserved 1114112K
  class space    used 4527K, committed 4608K, reserved 1048576K
}
Event: 2.081 GC heap before
{Heap before GC invocations=10 (full 0):
 garbage-first heap   total 75776K, used 50940K [0x0000000086200000, 0x0000000100000000)
  region size 1024K, 29 young (29696K), 4 survivors (4096K)
 Metaspace       used 40060K, committed 40256K, reserved 1114112K
  class space    used 4984K, committed 5056K, reserved 1048576K
}
Event: 2.088 GC heap after
{Heap after GC invocations=11 (full 0):
 garbage-first heap   total 75776K, used 29585K [0x0000000086200000, 0x0000000100000000)
  region size 1024K, 4 young (4096K), 4 survivors (4096K)
 Metaspace       used 40060K, committed 40256K, reserved 1114112K
  class space    used 4984K, committed 5056K, reserved 1048576K
}
Event: 2.459 GC heap before
{Heap before GC invocations=11 (full 0):
 garbage-first heap   total 75776K, used 52113K [0x0000000086200000, 0x0000000100000000)
  region size 1024K, 27 young (27648K), 4 survivors (4096K)
 Metaspace       used 44463K, committed 44736K, reserved 1114112K
  class space    used 5411K, committed 5504K, reserved 1048576K
}
Event: 2.467 GC heap after
{Heap after GC invocations=12 (full 0):
 garbage-first heap   total 75776K, used 33283K [0x0000000086200000, 0x0000000100000000)
  region size 1024K, 4 young (4096K), 4 survivors (4096K)
 Metaspace       used 44463K, committed 44736K, reserved 1114112K
  class space    used 5411K, committed 5504K, reserved 1048576K
}

