# JRE version: OpenJDK Runtime Environment (17.0.7) (build 17.0.7+0-b2043.56-10550314)
# Java VM: OpenJDK 64-Bit Server VM (17.0.7+0-b2043.56-10550314, mixed mode, tiered, compressed oops, compressed class ptrs, g1 gc, windows-amd64)
GC Precious Log:
 CPUs: 16 total, 16 available
 Memory: 15775M
 Large Page Support: Disabled
 NUMA Support: Disabled
 Compressed Oops: Enabled (32-bit)
 Heap Region Size: 1M
 Heap Min Capacity: 8M
 Heap Initial Capacity: 248M
 Heap Max Capacity: 2G
 Pre-touch: Disabled
 Parallel Workers: 13
 Concurrent Workers: 3
 Concurrent Refinement Workers: 13
 Periodic GC: Disabled
Heap:
 garbage-first heap   total 374784K, used 310165K [0x0000000080000000, 0x0000000100000000)
  region size 1024K, 64 young (65536K), 3 survivors (3072K)
 Metaspace       used 160503K, committed 161600K, reserved 1245184K
  class space    used 22753K, committed 23296K, reserved 1048576K
GC Heap History (20 events):
Event: 199.475 GC heap before
{Heap before GC invocations=78 (full 0):
 garbage-first heap   total 374784K, used 226555K [0x0000000080000000, 0x0000000100000000)
  region size 1024K, 18 young (18432K), 2 survivors (2048K)
 Metaspace       used 151706K, committed 152576K, reserved 1179648K
  class space    used 21846K, committed 22272K, reserved 1048576K
}
Event: 199.483 GC heap after
{Heap after GC invocations=79 (full 0):
 garbage-first heap   total 374784K, used 203776K [0x0000000080000000, 0x0000000100000000)
  region size 1024K, 3 young (3072K), 3 survivors (3072K)
 Metaspace       used 151706K, committed 152576K, reserved 1179648K
  class space    used 21846K, committed 22272K, reserved 1048576K
}
Event: 221.907 GC heap before
{Heap before GC invocations=79 (full 0):
 garbage-first heap   total 374784K, used 300032K [0x0000000080000000, 0x0000000100000000)
  region size 1024K, 98 young (100352K), 3 survivors (3072K)
 Metaspace       used 153589K, committed 154624K, reserved 1245184K
  class space    used 22086K, committed 22592K, reserved 1048576K
}
Event: 221.912 GC heap after
{Heap after GC invocations=80 (full 0):
 garbage-first heap   total 374784K, used 201425K [0x0000000080000000, 0x0000000100000000)
  region size 1024K, 5 young (5120K), 5 survivors (5120K)
 Metaspace       used 153589K, committed 154624K, reserved 1245184K
  class space    used 22086K, committed 22592K, reserved 1048576K
}
Event: 222.855 GC heap before
{Heap before GC invocations=81 (full 0):
 garbage-first heap   total 374784K, used 303825K [0x0000000080000000, 0x0000000100000000)
  region size 1024K, 106 young (108544K), 5 survivors (5120K)
 Metaspace       used 153875K, committed 154944K, reserved 1245184K
  class space    used 22102K, committed 22656K, reserved 1048576K
}
Event: 222.864 GC heap after
{Heap after GC invocations=82 (full 0):
 garbage-first heap   total 374784K, used 212131K [0x0000000080000000, 0x0000000100000000)
  region size 1024K, 14 young (14336K), 14 survivors (14336K)
 Metaspace       used 153875K, committed 154944K, reserved 1245184K
  class space    used 22102K, committed 22656K, reserved 1048576K
}
Event: 222.912 GC heap before
{Heap before GC invocations=82 (full 0):
 garbage-first heap   total 374784K, used 215203K [0x0000000080000000, 0x0000000100000000)
  region size 1024K, 18 young (18432K), 14 survivors (14336K)
 Metaspace       used 153895K, committed 155008K, reserved 1245184K
  class space    used 22103K, committed 22656K, reserved 1048576K
}
Event: 222.927 GC heap after
{Heap after GC invocations=83 (full 0):
 garbage-first heap   total 374784K, used 196087K [0x0000000080000000, 0x0000000100000000)
  region size 1024K, 3 young (3072K), 3 survivors (3072K)
 Metaspace       used 153895K, committed 155008K, reserved 1245184K
  class space    used 22103K, committed 22656K, reserved 1048576K
}
Event: 224.876 GC heap before
{Heap before GC invocations=83 (full 0):
 garbage-first heap   total 374784K, used 308727K [0x0000000080000000, 0x0000000100000000)
  region size 1024K, 106 young (108544K), 3 survivors (3072K)
 Metaspace       used 154010K, committed 155072K, reserved 1245184K
  class space    used 22115K, committed 22656K, reserved 1048576K
}
Event: 224.878 GC heap after
{Heap after GC invocations=84 (full 0):
 garbage-first heap   total 374784K, used 196981K [0x0000000080000000, 0x0000000100000000)
  region size 1024K, 4 young (4096K), 4 survivors (4096K)
 Metaspace       used 154010K, committed 155072K, reserved 1245184K
  class space    used 22115K, committed 22656K, reserved 1048576K
}
Event: 225.765 GC heap before
{Heap before GC invocations=84 (full 0):
 garbage-first heap   total 374784K, used 319861K [0x0000000080000000, 0x0000000100000000)
  region size 1024K, 111 young (113664K), 4 survivors (4096K)
 Metaspace       used 158675K, committed 159808K, reserved 1245184K
  class space    used 22561K, committed 23104K, reserved 1048576K
}
Event: 225.771 GC heap after
{Heap after GC invocations=85 (full 0):
 garbage-first heap   total 374784K, used 220113K [0x0000000080000000, 0x0000000100000000)
  region size 1024K, 14 young (14336K), 14 survivors (14336K)
 Metaspace       used 158675K, committed 159808K, reserved 1245184K
  class space    used 22561K, committed 23104K, reserved 1048576K
}
Event: 228.561 GC heap before
{Heap before GC invocations=85 (full 0):
 garbage-first heap   total 374784K, used 306129K [0x0000000080000000, 0x0000000100000000)
  region size 1024K, 99 young (101376K), 14 survivors (14336K)
 Metaspace       used 159272K, committed 160320K, reserved 1245184K
  class space    used 22651K, committed 23168K, reserved 1048576K
}
Event: 228.571 GC heap after
{Heap after GC invocations=86 (full 0):
 garbage-first heap   total 374784K, used 221329K [0x0000000080000000, 0x0000000100000000)
  region size 1024K, 11 young (11264K), 11 survivors (11264K)
 Metaspace       used 159272K, committed 160320K, reserved 1245184K
  class space    used 22651K, committed 23168K, reserved 1048576K
}
Event: 229.055 GC heap before
{Heap before GC invocations=86 (full 0):
 garbage-first heap   total 374784K, used 306321K [0x0000000080000000, 0x0000000100000000)
  region size 1024K, 94 young (96256K), 11 survivors (11264K)
 Metaspace       used 159801K, committed 160832K, reserved 1245184K
  class space    used 22720K, committed 23232K, reserved 1048576K
}
Event: 229.064 GC heap after
{Heap after GC invocations=87 (full 0):
 garbage-first heap   total 374784K, used 230355K [0x0000000080000000, 0x0000000100000000)
  region size 1024K, 10 young (10240K), 10 survivors (10240K)
 Metaspace       used 159801K, committed 160832K, reserved 1245184K
  class space    used 22720K, committed 23232K, reserved 1048576K
}
Event: 229.516 GC heap before
{Heap before GC invocations=87 (full 0):
 garbage-first heap   total 374784K, used 312275K [0x0000000080000000, 0x0000000100000000)
  region size 1024K, 86 young (88064K), 10 survivors (10240K)
 Metaspace       used 160173K, committed 161280K, reserved 1245184K
  class space    used 22753K, committed 23296K, reserved 1048576K
}
Event: 229.524 GC heap after
{Heap after GC invocations=88 (full 0):
 garbage-first heap   total 374784K, used 245998K [0x0000000080000000, 0x0000000100000000)
  region size 1024K, 11 young (11264K), 11 survivors (11264K)
 Metaspace       used 160173K, committed 161280K, reserved 1245184K
  class space    used 22753K, committed 23296K, reserved 1048576K
}
Event: 229.622 GC heap before
{Heap before GC invocations=88 (full 0):
 garbage-first heap   total 374784K, used 309486K [0x0000000080000000, 0x0000000100000000)
  region size 1024K, 74 young (75776K), 11 survivors (11264K)
 Metaspace       used 160206K, committed 161280K, reserved 1245184K
  class space    used 22753K, committed 23296K, reserved 1048576K
}
Event: 229.626 GC heap after
{Heap after GC invocations=89 (full 0):
 garbage-first heap   total 374784K, used 248725K [0x0000000080000000, 0x0000000100000000)
  region size 1024K, 3 young (3072K), 3 survivors (3072K)
 Metaspace       used 160206K, committed 161280K, reserved 1245184K
  class space    used 22753K, committed 23296K, reserved 1048576K
}

