# JRE version: OpenJDK Runtime Environment (17.0.9) (build 17.0.9+0--11185874)
# Java VM: OpenJDK 64-Bit Server VM (17.0.9+0--11185874, mixed mode, tiered, compressed oops, compressed class ptrs, g1 gc, windows-amd64)
GC Precious Log:
 CPUs: 8 total, 8 available
 Memory: 7792M
 Large Page Support: Disabled
 NUMA Support: Disabled
 Compressed Oops: Enabled (32-bit)
 Heap Region Size: 1M
 Heap Min Capacity: 8M
 Heap Initial Capacity: 122M
 Heap Max Capacity: 1950M
 Pre-touch: Disabled
 Parallel Workers: 8
 Concurrent Workers: 2
 Concurrent Refinement Workers: 8
 Periodic GC: Disabled
Heap:
 garbage-first heap   total 161792K, used 78848K [0x0000000086200000, 0x0000000100000000)
  region size 1024K, 8 young (8192K), 8 survivors (8192K)
 Metaspace       used 51541K, committed 51776K, reserved 1114112K
  class space    used 6185K, committed 6336K, reserved 1048576K
GC Heap History (20 events):
Event: 5.382 GC heap after
{Heap after GC invocations=11 (full 0):
 garbage-first heap   total 62464K, used 28243K [0x0000000086200000, 0x0000000100000000)
  region size 1024K, 3 young (3072K), 3 survivors (3072K)
 Metaspace       used 39387K, committed 39680K, reserved 1114112K
  class space    used 4939K, committed 5056K, reserved 1048576K
}
Event: 5.949 GC heap before
{Heap before GC invocations=11 (full 0):
 garbage-first heap   total 62464K, used 45651K [0x0000000086200000, 0x0000000100000000)
  region size 1024K, 20 young (20480K), 3 survivors (3072K)
 Metaspace       used 43178K, committed 43392K, reserved 1114112K
  class space    used 5295K, committed 5376K, reserved 1048576K
}
Event: 5.959 GC heap after
{Heap after GC invocations=12 (full 0):
 garbage-first heap   total 79872K, used 29710K [0x0000000086200000, 0x0000000100000000)
  region size 1024K, 2 young (2048K), 2 survivors (2048K)
 Metaspace       used 43178K, committed 43392K, reserved 1114112K
  class space    used 5295K, committed 5376K, reserved 1048576K
}
Event: 7.420 GC heap before
{Heap before GC invocations=12 (full 0):
 garbage-first heap   total 79872K, used 59406K [0x0000000086200000, 0x0000000100000000)
  region size 1024K, 29 young (29696K), 2 survivors (2048K)
 Metaspace       used 47636K, committed 47936K, reserved 1114112K
  class space    used 5786K, committed 5952K, reserved 1048576K
}
Event: 7.441 GC heap after
{Heap after GC invocations=13 (full 0):
 garbage-first heap   total 79872K, used 37305K [0x0000000086200000, 0x0000000100000000)
  region size 1024K, 4 young (4096K), 4 survivors (4096K)
 Metaspace       used 47636K, committed 47936K, reserved 1114112K
  class space    used 5786K, committed 5952K, reserved 1048576K
}
Event: 8.503 GC heap before
{Heap before GC invocations=13 (full 0):
 garbage-first heap   total 79872K, used 58809K [0x0000000086200000, 0x0000000100000000)
  region size 1024K, 26 young (26624K), 4 survivors (4096K)
 Metaspace       used 50713K, committed 50944K, reserved 1114112K
  class space    used 6145K, committed 6272K, reserved 1048576K
}
Event: 8.521 GC heap after
{Heap after GC invocations=14 (full 0):
 garbage-first heap   total 79872K, used 40797K [0x0000000086200000, 0x0000000100000000)
  region size 1024K, 4 young (4096K), 4 survivors (4096K)
 Metaspace       used 50713K, committed 50944K, reserved 1114112K
  class space    used 6145K, committed 6272K, reserved 1048576K
}
Event: 8.766 GC heap before
{Heap before GC invocations=14 (full 0):
 garbage-first heap   total 79872K, used 57181K [0x0000000086200000, 0x0000000100000000)
  region size 1024K, 22 young (22528K), 4 survivors (4096K)
 Metaspace       used 50882K, committed 51136K, reserved 1114112K
  class space    used 6146K, committed 6272K, reserved 1048576K
}
Event: 8.780 GC heap after
{Heap after GC invocations=15 (full 0):
 garbage-first heap   total 79872K, used 43693K [0x0000000086200000, 0x0000000100000000)
  region size 1024K, 3 young (3072K), 3 survivors (3072K)
 Metaspace       used 50882K, committed 51136K, reserved 1114112K
  class space    used 6146K, committed 6272K, reserved 1048576K
}
Event: 8.874 GC heap before
{Heap before GC invocations=16 (full 0):
 garbage-first heap   total 87040K, used 62125K [0x0000000086200000, 0x0000000100000000)
  region size 1024K, 21 young (21504K), 3 survivors (3072K)
 Metaspace       used 50887K, committed 51136K, reserved 1114112K
  class space    used 6146K, committed 6272K, reserved 1048576K
}
Event: 8.880 GC heap after
{Heap after GC invocations=17 (full 0):
 garbage-first heap   total 87040K, used 44919K [0x0000000086200000, 0x0000000100000000)
  region size 1024K, 1 young (1024K), 1 survivors (1024K)
 Metaspace       used 50887K, committed 51136K, reserved 1114112K
  class space    used 6146K, committed 6272K, reserved 1048576K
}
Event: 8.886 GC heap before
{Heap before GC invocations=17 (full 0):
 garbage-first heap   total 87040K, used 47991K [0x0000000086200000, 0x0000000100000000)
  region size 1024K, 4 young (4096K), 1 survivors (1024K)
 Metaspace       used 50887K, committed 51136K, reserved 1114112K
  class space    used 6146K, committed 6272K, reserved 1048576K
}
Event: 8.899 GC heap after
{Heap after GC invocations=18 (full 0):
 garbage-first heap   total 161792K, used 45368K [0x0000000086200000, 0x0000000100000000)
  region size 1024K, 1 young (1024K), 1 survivors (1024K)
 Metaspace       used 50887K, committed 51136K, reserved 1114112K
  class space    used 6146K, committed 6272K, reserved 1048576K
}
Event: 9.738 GC heap before
{Heap before GC invocations=18 (full 0):
 garbage-first heap   total 161792K, used 118072K [0x0000000086200000, 0x0000000100000000)
  region size 1024K, 70 young (71680K), 1 survivors (1024K)
 Metaspace       used 50999K, committed 51200K, reserved 1114112K
  class space    used 6154K, committed 6272K, reserved 1048576K
}
Event: 9.753 GC heap after
{Heap after GC invocations=19 (full 0):
 garbage-first heap   total 161792K, used 55371K [0x0000000086200000, 0x0000000100000000)
  region size 1024K, 9 young (9216K), 9 survivors (9216K)
 Metaspace       used 50999K, committed 51200K, reserved 1114112K
  class space    used 6154K, committed 6272K, reserved 1048576K
}
Event: 10.108 GC heap before
{Heap before GC invocations=19 (full 0):
 garbage-first heap   total 161792K, used 118859K [0x0000000086200000, 0x0000000100000000)
  region size 1024K, 71 young (72704K), 9 survivors (9216K)
 Metaspace       used 51028K, committed 51264K, reserved 1114112K
  class space    used 6154K, committed 6272K, reserved 1048576K
}
Event: 10.125 GC heap after
{Heap after GC invocations=20 (full 0):
 garbage-first heap   total 161792K, used 63365K [0x0000000086200000, 0x0000000100000000)
  region size 1024K, 8 young (8192K), 8 survivors (8192K)
 Metaspace       used 51028K, committed 51264K, reserved 1114112K
  class space    used 6154K, committed 6272K, reserved 1048576K
}
Event: 10.486 GC heap before
{Heap before GC invocations=20 (full 0):
 garbage-first heap   total 161792K, used 122757K [0x0000000086200000, 0x0000000100000000)
  region size 1024K, 66 young (67584K), 8 survivors (8192K)
 Metaspace       used 51032K, committed 51264K, reserved 1114112K
  class space    used 6154K, committed 6272K, reserved 1048576K
}
Event: 10.500 GC heap after
{Heap after GC invocations=21 (full 0):
 garbage-first heap   total 161792K, used 69486K [0x0000000086200000, 0x0000000100000000)
  region size 1024K, 7 young (7168K), 7 survivors (7168K)
 Metaspace       used 51032K, committed 51264K, reserved 1114112K
  class space    used 6154K, committed 6272K, reserved 1048576K
}
Event: 11.187 GC heap before
{Heap before GC invocations=21 (full 0):
 garbage-first heap   total 161792K, used 125806K [0x0000000086200000, 0x0000000100000000)
  region size 1024K, 62 young (63488K), 7 survivors (7168K)
 Metaspace       used 51541K, committed 51776K, reserved 1114112K
  class space    used 6185K, committed 6336K, reserved 1048576K
}

