# JRE version: OpenJDK Runtime Environment (17.0.9) (build 17.0.9+0--11185874)
# Java VM: OpenJDK 64-Bit Server VM (17.0.9+0--11185874, mixed mode, tiered, compressed oops, compressed class ptrs, g1 gc, windows-amd64)
GC Precious Log:
 CPUs: 8 total, 8 available
 Memory: 7792M
 Large Page Support: Disabled
 NUMA Support: Disabled
 Compressed Oops: Enabled (32-bit)
 Heap Region Size: 1M
 Heap Min Capacity: 8M
 Heap Initial Capacity: 122M
 Heap Max Capacity: 1950M
 Pre-touch: Disabled
 Parallel Workers: 8
 Concurrent Workers: 2
 Concurrent Refinement Workers: 8
 Periodic GC: Disabled
Heap:
 garbage-first heap   total 337920K, used 221916K [0x0000000086200000, 0x0000000100000000)
  region size 1024K, 9 young (9216K), 9 survivors (9216K)
 Metaspace       used 98639K, committed 99072K, reserved 1179648K
  class space    used 10224K, committed 10432K, reserved 1048576K
GC Heap History (20 events):
Event: 33.607 GC heap after
{Heap after GC invocations=35 (full 0):
 garbage-first heap   total 337920K, used 182022K [0x0000000086200000, 0x0000000100000000)
  region size 1024K, 6 young (6144K), 6 survivors (6144K)
 Metaspace       used 96668K, committed 97088K, reserved 1179648K
  class space    used 10186K, committed 10368K, reserved 1048576K
}
Event: 34.884 GC heap before
{Heap before GC invocations=36 (full 0):
 garbage-first heap   total 337920K, used 274182K [0x0000000086200000, 0x0000000100000000)
  region size 1024K, 95 young (97280K), 6 survivors (6144K)
 Metaspace       used 97819K, committed 98240K, reserved 1179648K
  class space    used 10204K, committed 10368K, reserved 1048576K
}
Event: 34.900 GC heap after
{Heap after GC invocations=37 (full 0):
 garbage-first heap   total 337920K, used 190974K [0x0000000086200000, 0x0000000100000000)
  region size 1024K, 12 young (12288K), 12 survivors (12288K)
 Metaspace       used 97819K, committed 98240K, reserved 1179648K
  class space    used 10204K, committed 10368K, reserved 1048576K
}
Event: 34.909 GC heap before
{Heap before GC invocations=37 (full 0):
 garbage-first heap   total 337920K, used 195070K [0x0000000086200000, 0x0000000100000000)
  region size 1024K, 16 young (16384K), 12 survivors (12288K)
 Metaspace       used 97819K, committed 98240K, reserved 1179648K
  class space    used 10204K, committed 10368K, reserved 1048576K
}
Event: 34.936 GC heap after
{Heap after GC invocations=38 (full 0):
 garbage-first heap   total 337920K, used 181516K [0x0000000086200000, 0x0000000100000000)
  region size 1024K, 2 young (2048K), 2 survivors (2048K)
 Metaspace       used 97819K, committed 98240K, reserved 1179648K
  class space    used 10204K, committed 10368K, reserved 1048576K
}
Event: 35.573 GC heap before
{Heap before GC invocations=38 (full 0):
 garbage-first heap   total 337920K, used 272652K [0x0000000086200000, 0x0000000100000000)
  region size 1024K, 91 young (93184K), 2 survivors (2048K)
 Metaspace       used 98032K, committed 98496K, reserved 1179648K
  class space    used 10210K, committed 10432K, reserved 1048576K
}
Event: 35.581 GC heap after
{Heap after GC invocations=39 (full 0):
 garbage-first heap   total 337920K, used 187287K [0x0000000086200000, 0x0000000100000000)
  region size 1024K, 8 young (8192K), 8 survivors (8192K)
 Metaspace       used 98032K, committed 98496K, reserved 1179648K
  class space    used 10210K, committed 10432K, reserved 1048576K
}
Event: 36.214 GC heap before
{Heap before GC invocations=39 (full 0):
 garbage-first heap   total 337920K, used 275351K [0x0000000086200000, 0x0000000100000000)
  region size 1024K, 94 young (96256K), 8 survivors (8192K)
 Metaspace       used 98179K, committed 98624K, reserved 1179648K
  class space    used 10210K, committed 10432K, reserved 1048576K
}
Event: 36.225 GC heap after
{Heap after GC invocations=40 (full 0):
 garbage-first heap   total 337920K, used 191768K [0x0000000086200000, 0x0000000100000000)
  region size 1024K, 11 young (11264K), 11 survivors (11264K)
 Metaspace       used 98179K, committed 98624K, reserved 1179648K
  class space    used 10210K, committed 10432K, reserved 1048576K
}
Event: 36.914 GC heap before
{Heap before GC invocations=40 (full 0):
 garbage-first heap   total 337920K, used 277784K [0x0000000086200000, 0x0000000100000000)
  region size 1024K, 95 young (97280K), 11 survivors (11264K)
 Metaspace       used 98317K, committed 98752K, reserved 1179648K
  class space    used 10211K, committed 10432K, reserved 1048576K
}
Event: 36.924 GC heap after
{Heap after GC invocations=41 (full 0):
 garbage-first heap   total 337920K, used 195322K [0x0000000086200000, 0x0000000100000000)
  region size 1024K, 10 young (10240K), 10 survivors (10240K)
 Metaspace       used 98317K, committed 98752K, reserved 1179648K
  class space    used 10211K, committed 10432K, reserved 1048576K
}
Event: 37.364 GC heap before
{Heap before GC invocations=41 (full 0):
 garbage-first heap   total 337920K, used 281338K [0x0000000086200000, 0x0000000100000000)
  region size 1024K, 94 young (96256K), 10 survivors (10240K)
 Metaspace       used 98395K, committed 98816K, reserved 1179648K
  class space    used 10217K, committed 10432K, reserved 1048576K
}
Event: 37.373 GC heap after
{Heap after GC invocations=42 (full 0):
 garbage-first heap   total 337920K, used 198078K [0x0000000086200000, 0x0000000100000000)
  region size 1024K, 9 young (9216K), 9 survivors (9216K)
 Metaspace       used 98395K, committed 98816K, reserved 1179648K
  class space    used 10217K, committed 10432K, reserved 1048576K
}
Event: 37.561 GC heap before
{Heap before GC invocations=42 (full 0):
 garbage-first heap   total 337920K, used 282046K [0x0000000086200000, 0x0000000100000000)
  region size 1024K, 91 young (93184K), 9 survivors (9216K)
 Metaspace       used 98403K, committed 98816K, reserved 1179648K
  class space    used 10217K, committed 10432K, reserved 1048576K
}
Event: 37.579 GC heap after
{Heap after GC invocations=43 (full 0):
 garbage-first heap   total 337920K, used 207170K [0x0000000086200000, 0x0000000100000000)
  region size 1024K, 12 young (12288K), 12 survivors (12288K)
 Metaspace       used 98403K, committed 98816K, reserved 1179648K
  class space    used 10217K, committed 10432K, reserved 1048576K
}
Event: 37.670 GC heap before
{Heap before GC invocations=43 (full 0):
 garbage-first heap   total 337920K, used 279874K [0x0000000086200000, 0x0000000100000000)
  region size 1024K, 83 young (84992K), 12 survivors (12288K)
 Metaspace       used 98418K, committed 98880K, reserved 1179648K
  class space    used 10219K, committed 10432K, reserved 1048576K
}
Event: 37.690 GC heap after
{Heap after GC invocations=44 (full 0):
 garbage-first heap   total 337920K, used 215358K [0x0000000086200000, 0x0000000100000000)
  region size 1024K, 11 young (11264K), 11 survivors (11264K)
 Metaspace       used 98418K, committed 98880K, reserved 1179648K
  class space    used 10219K, committed 10432K, reserved 1048576K
}
Event: 37.928 GC heap before
{Heap before GC invocations=44 (full 0):
 garbage-first heap   total 337920K, used 278846K [0x0000000086200000, 0x0000000100000000)
  region size 1024K, 73 young (74752K), 11 survivors (11264K)
 Metaspace       used 98573K, committed 99008K, reserved 1179648K
  class space    used 10224K, committed 10432K, reserved 1048576K
}
Event: 37.937 GC heap after
{Heap after GC invocations=45 (full 0):
 garbage-first heap   total 337920K, used 215566K [0x0000000086200000, 0x0000000100000000)
  region size 1024K, 7 young (7168K), 7 survivors (7168K)
 Metaspace       used 98573K, committed 99008K, reserved 1179648K
  class space    used 10224K, committed 10432K, reserved 1048576K
}
Event: 38.178 GC heap before
{Heap before GC invocations=45 (full 0):
 garbage-first heap   total 337920K, used 278030K [0x0000000086200000, 0x0000000100000000)
  region size 1024K, 68 young (69632K), 7 survivors (7168K)
 Metaspace       used 98639K, committed 99072K, reserved 1179648K
  class space    used 10224K, committed 10432K, reserved 1048576K
}

